<?xml version="1.0" encoding="UTF-8"?>
<!-- Generated by org.testng.reporters.JUnitReportReporter -->
<testsuite hostname="LAPTOP-5KMFOFH9" failures="0" tests="2" name="testNgDemo.TestDemo1" time="0.018" errors="0" timestamp="2024-01-29T20:20:29 IST" skipped="0">
  <testcase classname="testNgDemo.TestDemo1" name="testCase2" time="0.002"/>
  <system-out/>
  <testcase classname="testNgDemo.TestDemo1" name="testCase1" time="0.016"/>
  <system-out/>
</testsuite> <!-- testNgDemo.TestDemo1 -->
