<?xml version="1.0" encoding="UTF-8"?>
<!-- Generated by org.testng.reporters.JUnitReportReporter -->
<testsuite hostname="LAPTOP-5KMFOFH9" failures="0" tests="2" name="testNgDemo.AssertionDemo" time="0.024" errors="0" timestamp="2024-01-31T19:48:02 IST" skipped="0">
  <testcase classname="testNgDemo.AssertionDemo" name="softAssertionTEst" time="0.021"/>
  <system-out/>
  <testcase classname="testNgDemo.AssertionDemo" name="hardAssertion" time="0.003"/>
  <system-out/>
</testsuite> <!-- testNgDemo.AssertionDemo -->
