<?xml version="1.0" encoding="UTF-8"?>
<!-- Generated by org.testng.reporters.JUnitReportReporter -->
<testsuite hostname="LAPTOP-5KMFOFH9" failures="0" tests="3" name="testNgDemo.TestDemo2" time="24.532" errors="0" timestamp="2024-01-29T20:20:29 IST" skipped="0">
  <testcase classname="testNgDemo.TestDemo2" name="chromeTest" time="6.243"/>
  <system-out/>
  <testcase classname="testNgDemo.TestDemo2" name="firefoxTest" time="6.538"/>
  <system-out/>
  <testcase classname="testNgDemo.TestDemo2" name="edgeTest" time="11.751"/>
  <system-out/>
</testsuite> <!-- testNgDemo.TestDemo2 -->
