<?xml version="1.0" encoding="UTF-8"?>
<!-- Generated by org.testng.reporters.JUnitReportReporter -->
<testsuite hostname="LAPTOP-5KMFOFH9" failures="0" tests="1" name="datadrivenTest.ScreenshotTest" time="7.327" errors="0" timestamp="2024-02-07T19:15:03 IST" skipped="0">
  <testcase classname="datadrivenTest.ScreenshotTest" name="capture" time="7.327"/>
  <system-out/>
</testsuite> <!-- datadrivenTest.ScreenshotTest -->
