<?xml version="1.0" encoding="UTF-8"?>
<!-- Generated by org.testng.reporters.JUnitReportReporter -->
<testsuite hostname="LAPTOP-5KMFOFH9" failures="0" tests="3" name="com.SwagLabs.TestCases.OverviewPageTEst" time="0.430" errors="0" timestamp="2024-02-07T19:21:07 IST" skipped="0">
  <testcase classname="com.SwagLabs.TestCases.OverviewPageTEst" name="verifyUrl" time="0.017"/>
  <system-out/>
  <testcase classname="com.SwagLabs.TestCases.OverviewPageTEst" name="verifyProductDetails" time="0.169"/>
  <system-out/>
  <testcase classname="com.SwagLabs.TestCases.OverviewPageTEst" name="verifyCompleteProcess" time="0.244"/>
  <system-out/>
</testsuite> <!-- com.SwagLabs.TestCases.OverviewPageTEst -->
