<?xml version="1.0" encoding="UTF-8"?>
<!-- Generated by org.testng.reporters.JUnitReportReporter -->
<testsuite hostname="LAPTOP-5KMFOFH9" failures="0" tests="1" name="testNgDemo.DatafromXmlFile" time="7.211" errors="0" timestamp="2024-02-05T19:14:30 IST" skipped="0">
  <testcase classname="testNgDemo.DatafromXmlFile" name="loginTest" time="7.211"/>
  <system-out/>
</testsuite> <!-- testNgDemo.DatafromXmlFile -->
