<?xml version="1.0" encoding="UTF-8"?>
<!-- Generated by org.testng.reporters.JUnitReportReporter -->
<testsuite hostname="LAPTOP-5KMFOFH9" failures="0" tests="3" name="testNgDemo.AnnotationDemo" time="0.010" errors="0" timestamp="2024-01-30T19:41:45 IST" skipped="0">
  <testcase classname="testNgDemo.AnnotationDemo" name="registerTest" time="0.007"/>
  <system-out/>
  <testcase classname="testNgDemo.AnnotationDemo" name="loginTest" time="0.001"/>
  <system-out/>
  <testcase classname="testNgDemo.AnnotationDemo" name="logoutTest" time="0.002"/>
  <system-out/>
</testsuite> <!-- testNgDemo.AnnotationDemo -->
