<?xml version="1.0" encoding="UTF-8"?>
<!-- Generated by org.testng.reporters.JUnitReportReporter -->
<testsuite hostname="LAPTOP-5KMFOFH9" failures="0" tests="2" name="realTimeAnnotationUse.CRMTest" time="4.856" errors="0" timestamp="2024-01-30T19:58:20 IST" skipped="0">
  <testcase classname="realTimeAnnotationUse.CRMTest" name="validateSignInLink" time="0.848"/>
  <system-out/>
  <testcase classname="realTimeAnnotationUse.CRMTest" name="validateLogin" time="4.008"/>
  <system-out/>
</testsuite> <!-- realTimeAnnotationUse.CRMTest -->
