<?xml version="1.0" encoding="UTF-8"?>
<!-- Generated by org.testng.reporters.JUnitReportReporter -->
<testsuite hostname="LAPTOP-5KMFOFH9" failures="0" tests="1" name="testNgDemo.PropertiesFileDataRead" time="10.608" errors="0" timestamp="2024-02-05T19:30:16 IST" skipped="0">
  <testcase classname="testNgDemo.PropertiesFileDataRead" name="dataRead" time="10.608"/>
  <system-out/>
</testsuite> <!-- testNgDemo.PropertiesFileDataRead -->
