<?xml version="1.0" encoding="UTF-8"?>
<!-- Generated by org.testng.reporters.JUnitReportReporter -->
<testsuite hostname="LAPTOP-5KMFOFH9" failures="0" tests="3" name="parallelTest.ParallelTestOnMethod" time="20.557" errors="0" timestamp="2024-02-02T19:46:26 IST" skipped="0">
  <testcase classname="parallelTest.ParallelTestOnMethod" name="chromeTest" time="5.466"/>
  <system-out/>
  <testcase classname="parallelTest.ParallelTestOnMethod" name="firefoxTest" time="9.088"/>
  <system-out/>
  <testcase classname="parallelTest.ParallelTestOnMethod" name="edgeTest" time="6.003"/>
  <system-out/>
</testsuite> <!-- parallelTest.ParallelTestOnMethod -->
