<?xml version="1.0" encoding="UTF-8"?>
<!-- Generated by org.testng.reporters.JUnitReportReporter -->
<testsuite hostname="LAPTOP-5KMFOFH9" failures="0" tests="2" name="pageObjectModel.NewLoginPageTestCase" time="0.996" errors="0" timestamp="2024-01-31T19:50:51 IST" skipped="0">
  <testcase classname="pageObjectModel.NewLoginPageTestCase" name="validateTitle" time="0.023"/>
  <system-out/>
  <testcase classname="pageObjectModel.NewLoginPageTestCase" name="validateLogin" time="0.973"/>
  <system-out/>
</testsuite> <!-- pageObjectModel.NewLoginPageTestCase -->
