<?xml version="1.0" encoding="UTF-8"?>
<!-- Generated by org.testng.reporters.JUnitReportReporter -->
<testsuite hostname="LAPTOP-5KMFOFH9" failures="0" tests="6" name="testNgDemo.TestDemo3" time="0.013" errors="0" timestamp="2024-01-29T20:20:29 IST" skipped="0">
  <testcase classname="testNgDemo.TestDemo3" name="registerTest" time="0.004"/>
  <system-out/>
  <testcase classname="testNgDemo.TestDemo3" name="loginTest" time="0.002"/>
  <system-out/>
  <testcase classname="testNgDemo.TestDemo3" name="loginTest" time="0.002"/>
  <system-out/>
  <testcase classname="testNgDemo.TestDemo3" name="loginTest" time="0.001"/>
  <system-out/>
  <testcase classname="testNgDemo.TestDemo3" name="searchProductTest" time="0.002"/>
  <system-out/>
  <testcase classname="testNgDemo.TestDemo3" name="addToCartTest" time="0.002"/>
  <system-out/>
</testsuite> <!-- testNgDemo.TestDemo3 -->
