<?xml version="1.0" encoding="UTF-8"?>
<!-- Generated by org.testng.reporters.JUnitReportReporter -->
<testsuite hostname="LAPTOP-5KMFOFH9" failures="0" tests="1" name="parallelTest.Class1" time="4.525" errors="0" timestamp="2024-02-02T19:51:01 IST" skipped="0">
  <testcase classname="parallelTest.Class1" name="chromeTest" time="4.525"/>
  <system-out/>
</testsuite> <!-- parallelTest.Class1 -->
