<?xml version="1.0" encoding="UTF-8"?>
<!-- Generated by org.testng.reporters.JUnitReportReporter -->
<testsuite hostname="LAPTOP-5KMFOFH9" failures="0" tests="4" name="testNgDemo.DisableTestFromExecution_enabled" time="0.005" errors="0" timestamp="2024-01-29T20:20:29 IST" skipped="1">
  <testcase classname="testNgDemo.DisableTestFromExecution_enabled" name="registerTest" time="0.001"/>
  <system-out/>
  <testcase classname="testNgDemo.DisableTestFromExecution_enabled" name="loginTest" time="0.002"/>
  <system-out/>
  <testcase classname="testNgDemo.DisableTestFromExecution_enabled" name="logout" time="0.002"/>
  <system-out/>
  <testcase classname="testNgDemo.DisableTestFromExecution_enabled" name="searchProductTest">
    <skipped/>
  </testcase> <!-- searchProductTest -->
  <system-out/>
</testsuite> <!-- testNgDemo.DisableTestFromExecution_enabled -->
