<?xml version="1.0" encoding="UTF-8"?>
<!-- Generated by org.testng.reporters.JUnitReportReporter -->
<testsuite hostname="LAPTOP-5KMFOFH9" failures="0" tests="3" name="com.SwagLabs.TestCases.OverviewPageTEst" time="0.465" errors="0" timestamp="2024-02-22T19:27:30 IST" skipped="0">
  <testcase classname="com.SwagLabs.TestCases.OverviewPageTEst" name="verifyUrl" time="0.019"/>
  <system-out/>
  <testcase classname="com.SwagLabs.TestCases.OverviewPageTEst" name="verifyProductDetails" time="0.193"/>
  <system-out/>
  <testcase classname="com.SwagLabs.TestCases.OverviewPageTEst" name="verifyCompleteProcess" time="0.253"/>
  <system-out/>
</testsuite> <!-- com.SwagLabs.TestCases.OverviewPageTEst -->
