<?xml version="1.0" encoding="UTF-8"?>
<!-- Generated by org.testng.reporters.JUnitReportReporter -->
<testsuite hostname="LAPTOP-5KMFOFH9" failures="0" tests="4" name="datadrivenTest.DataDrivenUsingArray" time="0.009" errors="0" timestamp="2024-02-06T20:02:08 IST" skipped="0">
  <testcase classname="datadrivenTest.DataDrivenUsingArray" name="loginTest" time="0.001"/>
  <system-out/>
  <testcase classname="datadrivenTest.DataDrivenUsingArray" name="loginTest" time="0.001"/>
  <system-out/>
  <testcase classname="datadrivenTest.DataDrivenUsingArray" name="loginTest" time="0.006"/>
  <system-out/>
  <testcase classname="datadrivenTest.DataDrivenUsingArray" name="loginTest" time="0.001"/>
  <system-out/>
</testsuite> <!-- datadrivenTest.DataDrivenUsingArray -->
