<?xml version="1.0" encoding="UTF-8"?>
<!-- Generated by org.testng.reporters.JUnitReportReporter -->
<testsuite hostname="LAPTOP-5KMFOFH9" failures="0" tests="3" name="parallelTest.CrossBrowserTest" time="24.395" errors="0" timestamp="2024-02-05T19:45:56 IST" skipped="0">
  <testcase classname="parallelTest.CrossBrowserTest" name="browerProvider" time="8.367"/>
  <system-out/>
  <testcase classname="parallelTest.CrossBrowserTest" name="browerProvider" time="7.132"/>
  <system-out/>
  <testcase classname="parallelTest.CrossBrowserTest" name="browerProvider" time="8.896"/>
  <system-out/>
</testsuite> <!-- parallelTest.CrossBrowserTest -->
