<?xml version="1.0" encoding="UTF-8"?>
<!-- Generated by org.testng.reporters.JUnitReportReporter -->
<testsuite hostname="LAPTOP-5KMFOFH9" failures="0" tests="2" name="testNgDemo.GroupingTest" time="0.015" errors="0" timestamp="2024-01-30T19:19:12 IST" skipped="0">
  <testcase classname="testNgDemo.GroupingTest" name="testCase1" time="0.014"/>
  <system-out/>
  <testcase classname="testNgDemo.GroupingTest" name="testCase2" time="0.001"/>
  <system-out/>
</testsuite> <!-- testNgDemo.GroupingTest -->
