<?xml version="1.0" encoding="UTF-8"?>
<!-- Generated by org.testng.reporters.JUnitReportReporter -->
<testsuite hostname="LAPTOP-5KMFOFH9" failures="0" tests="1" name="reportsdemo.ExtentReportDemo" time="0.765" errors="0" timestamp="2024-02-22T19:19:22 IST" skipped="0">
  <testcase classname="reportsdemo.ExtentReportDemo" name="reportTest" time="0.765"/>
  <system-out/>
</testsuite> <!-- reportsdemo.ExtentReportDemo -->
