<?xml version="1.0" encoding="UTF-8"?>
<!-- Generated by org.testng.reporters.JUnitReportReporter -->
<testsuite hostname="LAPTOP-5KMFOFH9" failures="0" tests="2" name="pageObjectModel.LoginPageTestCase" time="0.944" errors="0" timestamp="2024-01-30T20:23:49 IST" skipped="0">
  <testcase classname="pageObjectModel.LoginPageTestCase" name="validateTitle" time="0.021"/>
  <system-out/>
  <testcase classname="pageObjectModel.LoginPageTestCase" name="validateLogin" time="0.923"/>
  <system-out/>
</testsuite> <!-- pageObjectModel.LoginPageTestCase -->
